==27878== Memcheck, a memory error detector
==27878== Copyright (C) 2002-2013, and GNU GPL'd, by Julian Seward et al.
==27878== Using Valgrind-3.9.0 and LibVEX; rerun with -h for copyright info
==27878== Command: catqueue
==27878== 
return NULL
item = "$Id: test1.data,v 1.1 2012-02-14 20:32:33-08 - - $"
item = "Test data 1 line 1."
item = "Test data 1 line 2."
item = "Test data 1 line 3."
==27878== Invalid read of size 8
==27878==    at 0x400D3C: isempty_queue (queue.c:44)
==27878==    by 0x400C27: main (main.c:67)
==27878==  Address 0x0 is not stack'd, malloc'd or (recently) free'd
==27878== 
==27878== 
==27878== Process terminating with default action of signal 11 (SIGSEGV)
==27878==  Access not within mapped region at address 0x0
==27878==    at 0x400D3C: isempty_queue (queue.c:44)
==27878==    by 0x400C27: main (main.c:67)
==27878==  If you believe this happened as a result of a stack
==27878==  overflow in your program's main thread (unlikely but
==27878==  possible), you can try to increase the size of the
==27878==  main thread stack using the --main-stacksize= flag.
==27878==  The main thread stack size used in this run was 10485760.
==27878== 
==27878== HEAP SUMMARY:
==27878==     in use at exit: 111 bytes in 4 blocks
==27878==   total heap usage: 4 allocs, 0 frees, 111 bytes allocated
==27878== 
==27878== 111 bytes in 4 blocks are definitely lost in loss record 1 of 1
==27878==    at 0x4C27AAA: malloc (in /opt/rh/devtoolset-2/root/usr/lib64/valgrind/vgpreload_memcheck-amd64-linux.so)
==27878==    by 0x4EAFE91: strdup (in /lib64/libc-2.12.so)
==27878==    by 0x400A43: putinqueue (main.c:30)
==27878==    by 0x400B80: main (main.c:56)
==27878== 
==27878== LEAK SUMMARY:
==27878==    definitely lost: 111 bytes in 4 blocks
==27878==    indirectly lost: 0 bytes in 0 blocks
==27878==      possibly lost: 0 bytes in 0 blocks
==27878==    still reachable: 0 bytes in 0 blocks
==27878==         suppressed: 0 bytes in 0 blocks
==27878== 
==27878== For counts of detected and suppressed errors, rerun with: -v
==27878== ERROR SUMMARY: 2 errors from 2 contexts (suppressed: 6 from 6)
